d:\xuri\vs2008\rtmpdump_dll\debug\vc120.pdb
d:\xuri\vs2008\rtmpdump_dll\debug\vc120.idb
d:\xuri\vs2008\rtmpdump_dll\debug\rtmpdump.obj
d:\xuri\vs2008\rtmpdump_dll\debug\thread.obj
d:\xuri\vs2008\rtmpdump_dll\debug\rtmpdump_dll.dll.embed.manifest
d:\xuri\vs2008\rtmpdump_dll\debug\rtmpdump_dll.dll.intermediate.manifest
d:\xuri\vs2008\rtmpdump_dll\debug\rtmpdump_dll.exe.embed.manifest
d:\xuri\vs2008\rtmpdump_dll\debug\rtmpdump_dll.exe.intermediate.manifest
d:\xuri\vs2008\rtmpdump_dll\debug\rtmpdump_dll.dll.embed.manifest.res
d:\xuri\vs2008\rtmpdump_dll\debug\rtmpdump_dll.exe.embed.manifest.res
d:\xuri\vs2008\rtmpdump_dll\debug\rtmpdump_dll.exp
d:\xuri\vs2008\rtmpdump_dll\debug\vc90.idb
d:\xuri\vs2008\rtmpdump_dll\debug\rtmpdump_dll.pdb
d:\xuri\vs2008\rtmpdump_dll\debug\vc90.pdb
d:\xuri\vs2008\rtmpdump_dll\debug\rtmpdump_dll.tlog\cl.command.1.tlog
d:\xuri\vs2008\rtmpdump_dll\debug\rtmpdump_dll.tlog\cl.read.1.tlog
d:\xuri\vs2008\rtmpdump_dll\debug\rtmpdump_dll.tlog\cl.write.1.tlog
d:\xuri\vs2008\rtmpdump_dll\debug\rtmpdump_dll.tlog\link-cvtres.read.1.tlog
d:\xuri\vs2008\rtmpdump_dll\debug\rtmpdump_dll.tlog\link-cvtres.write.1.tlog
d:\xuri\vs2008\rtmpdump_dll\debug\rtmpdump_dll.tlog\link-rc.read.1.tlog
d:\xuri\vs2008\rtmpdump_dll\debug\rtmpdump_dll.tlog\link-rc.write.1.tlog
d:\xuri\vs2008\rtmpdump_dll\debug\rtmpdump_dll.tlog\link.command.1.tlog
d:\xuri\vs2008\rtmpdump_dll\debug\rtmpdump_dll.tlog\link.read.1.tlog
d:\xuri\vs2008\rtmpdump_dll\debug\rtmpdump_dll.tlog\link.write.1.tlog
